  compilation header save succeeded; see C:\Users\nickj\OneDrive\Desktop\P-PIV\D3D11Sample\D3D11Sample\MyPShader.csh
  compilation object save succeeded; see C:\Users\nickj\OneDrive\Desktop\P-PIV\D3D11Sample\x64\Release\MyPShader.cso
  compilation header save succeeded; see C:\Users\nickj\OneDrive\Desktop\P-PIV\D3D11Sample\D3D11Sample\MyVShader.csh
  compilation object save succeeded; see C:\Users\nickj\OneDrive\Desktop\P-PIV\D3D11Sample\x64\Release\MyVShader.cso
  D3D11Sample.cpp
C:\Users\nickj\OneDrive\Desktop\P-PIV\D3D11Sample\D3D11Sample\D3D11Sample.cpp(280,67): warning C4267: 'argument': conversion from 'size_t' to 'UINT', possible loss of data
C:\Users\nickj\OneDrive\Desktop\P-PIV\D3D11Sample\D3D11Sample\D3D11Sample.cpp(328,46): warning C4305: 'argument': truncation from 'double' to 'float'
C:\Users\nickj\OneDrive\Desktop\P-PIV\D3D11Sample\D3D11Sample\D3D11Sample.cpp(335,47): warning C4305: 'argument': truncation from 'double' to 'float'
C:\Users\nickj\OneDrive\Desktop\P-PIV\D3D11Sample\D3D11Sample\D3D11Sample.cpp(342,46): warning C4305: 'argument': truncation from 'double' to 'float'
C:\Users\nickj\OneDrive\Desktop\P-PIV\D3D11Sample\D3D11Sample\D3D11Sample.cpp(349,47): warning C4305: 'argument': truncation from 'double' to 'float'
C:\Users\nickj\OneDrive\Desktop\P-PIV\D3D11Sample\D3D11Sample\D3D11Sample.cpp(496,34): warning C4244: '=': conversion from 'UINT' to 'FLOAT', possible loss of data
C:\Users\nickj\OneDrive\Desktop\P-PIV\D3D11Sample\D3D11Sample\D3D11Sample.cpp(497,35): warning C4244: '=': conversion from 'UINT' to 'FLOAT', possible loss of data
C:\Users\nickj\OneDrive\Desktop\P-PIV\D3D11Sample\D3D11Sample\D3D11Sample.cpp(590,110): warning C4267: 'argument': conversion from 'size_t' to 'UINT', possible loss of data
C:\Users\nickj\OneDrive\Desktop\P-PIV\D3D11Sample\D3D11Sample\D3D11Sample.cpp(599,112): warning C4267: 'argument': conversion from 'size_t' to 'UINT', possible loss of data
  Generating code
  1 of 290 functions ( 0.3%) were compiled, the rest were copied from previous compilation.
    0 functions were new in current compilation
    1 functions had inline decision re-evaluated but remain unchanged
  Finished generating code
  D3D11Sample.vcxproj -> C:\Users\nickj\OneDrive\Desktop\P-PIV\D3D11Sample\x64\Release\D3D11Sample.exe
