c:\users\nickj\onedrive\desktop\p-piv\d3d11sample\d3d11sample\x64\debug\vc142.pdb
c:\users\nickj\onedrive\desktop\p-piv\d3d11sample\d3d11sample\x64\debug\vc142.idb
c:\users\nickj\onedrive\desktop\p-piv\d3d11sample\d3d11sample\x64\debug\xtime.obj
c:\users\nickj\onedrive\desktop\p-piv\d3d11sample\d3d11sample\x64\debug\ddstextureloader.obj
c:\users\nickj\onedrive\desktop\p-piv\d3d11sample\d3d11sample\mygeopshader.csh
c:\users\nickj\onedrive\desktop\p-piv\d3d11sample\x64\debug\mygeopshader.cso
c:\users\nickj\onedrive\desktop\p-piv\d3d11sample\d3d11sample\mygeoshader.csh
c:\users\nickj\onedrive\desktop\p-piv\d3d11sample\x64\debug\mygeoshader.cso
c:\users\nickj\onedrive\desktop\p-piv\d3d11sample\d3d11sample\mygeovshader.csh
c:\users\nickj\onedrive\desktop\p-piv\d3d11sample\x64\debug\mygeovshader.cso
c:\users\nickj\onedrive\desktop\p-piv\d3d11sample\d3d11sample\mygpshader.csh
c:\users\nickj\onedrive\desktop\p-piv\d3d11sample\x64\debug\mygpshader.cso
c:\users\nickj\onedrive\desktop\p-piv\d3d11sample\d3d11sample\mygvshader.csh
c:\users\nickj\onedrive\desktop\p-piv\d3d11sample\x64\debug\mygvshader.cso
c:\users\nickj\onedrive\desktop\p-piv\d3d11sample\d3d11sample\mymeshpshader.csh
c:\users\nickj\onedrive\desktop\p-piv\d3d11sample\x64\debug\mymeshpshader.cso
c:\users\nickj\onedrive\desktop\p-piv\d3d11sample\d3d11sample\mymeshvshader.csh
c:\users\nickj\onedrive\desktop\p-piv\d3d11sample\x64\debug\mymeshvshader.cso
c:\users\nickj\onedrive\desktop\p-piv\d3d11sample\d3d11sample\mypshader.csh
c:\users\nickj\onedrive\desktop\p-piv\d3d11sample\x64\debug\mypshader.cso
c:\users\nickj\onedrive\desktop\p-piv\d3d11sample\d3d11sample\myskyboxpshader.csh
c:\users\nickj\onedrive\desktop\p-piv\d3d11sample\x64\debug\myskyboxpshader.cso
c:\users\nickj\onedrive\desktop\p-piv\d3d11sample\d3d11sample\myskyboxvshader.csh
c:\users\nickj\onedrive\desktop\p-piv\d3d11sample\x64\debug\myskyboxvshader.cso
c:\users\nickj\onedrive\desktop\p-piv\d3d11sample\d3d11sample\myvshader.csh
c:\users\nickj\onedrive\desktop\p-piv\d3d11sample\x64\debug\myvshader.cso
c:\users\nickj\onedrive\desktop\p-piv\d3d11sample\d3d11sample\x64\debug\d3d11sample.tlog\cl.command.1.tlog
c:\users\nickj\onedrive\desktop\p-piv\d3d11sample\d3d11sample\x64\debug\d3d11sample.tlog\cl.read.1.tlog
c:\users\nickj\onedrive\desktop\p-piv\d3d11sample\d3d11sample\x64\debug\d3d11sample.tlog\cl.write.1.tlog
c:\users\nickj\onedrive\desktop\p-piv\d3d11sample\d3d11sample\x64\debug\d3d11sample.tlog\fxc.command.1.tlog
c:\users\nickj\onedrive\desktop\p-piv\d3d11sample\d3d11sample\x64\debug\d3d11sample.tlog\fxc.read.1.tlog
c:\users\nickj\onedrive\desktop\p-piv\d3d11sample\d3d11sample\x64\debug\d3d11sample.tlog\fxc.write.1.tlog
